<?xml version="1.0" encoding="UTF-8"?>
<!-- Generated by org.testng.reporters.JUnitReportReporter -->
<testsuite hostname="ajoyb-win7" name="TestSuites.WishList" tests="1" failures="0" timestamp="18 Dec 2015 10:52:56 GMT" time="5.905" errors="0">
  <testcase name="wishlist" time="5.905" classname="TestSuites.WishList"/>
</testsuite> <!-- TestSuites.WishList -->
